[handleMsg]:  {
  key: {
    remoteJid: '5491135967392@s.whatsapp.net',
    fromMe: false,
    id: '701E7A9CE81BA9EDB58FC676B857EC4B',
    participant: undefined
  },
  messageTimestamp: 1729633351,
  pushName: '.',
  broadcast: false,
  message: Message {
    extendedTextMessage: ExtendedTextMessage {
      text: 'Hola',
      previewType: 0,
      contextInfo: [ContextInfo],
      inviteLinkGroupTypeV2: 0
    },
    messageContextInfo: MessageContextInfo {
      deviceListMetadata: [DeviceListMetadata],
      deviceListMetadataVersion: 2,
      messageSecret: [Uint8Array]
    }
  },
  body: 'Hola',
  from: '5491135967392'
}
[QUEUE_SE_ENVIO]:  {
  ref: 'ans_4600246e-9679-4164-a73b-990f918df366',
  keyword: 'key_54a77874-5d47-4db0-9d05-d4866da8f4da',
  answer: '🙌 Hola bienvenido NewReset!',
  options: {
    media: null,
    buttons: [],
    capture: false,
    child: null,
    delay: 0,
    idle: null,
    ref: null,
    nested: [],
    keyword: {},
    callback: false
  },
  refSerialize: 'e10235aa0f0ac73d6695a9bd75335c4a'
}
[QUEUE_SE_ENVIO]:  {
  ref: 'ans_113b6923-677e-441a-8317-f86bb04121a2',
  keyword: 'ans_4600246e-9679-4164-a73b-990f918df366',
  answer: 'Te comparto los siguientes links de interés sobre el proyecto:\n' +
    '👉 *Menu* para ver el menu\n' +
    '👉 *Stock* para ver la lista de Stock disponible\n' +
    '👉 *web* para ver la web',
  options: {
    media: null,
    buttons: [],
    capture: false,
    child: null,
    delay: 0,
    idle: null,
    ref: null,
    nested: [],
    keyword: {},
    callback: false
  },
  refSerialize: 'ac8538bd861a0909d2e6463cbd7e4b8d'
}
[handleMsg]:  {
  key: {
    remoteJid: '5491135967392@s.whatsapp.net',
    fromMe: false,
    id: '97F0B0F1602F89C8606E5BA6D6D38BB6',
    participant: undefined
  },
  messageTimestamp: 1729633354,
  pushName: '.',
  broadcast: false,
  message: Message {
    extendedTextMessage: ExtendedTextMessage {
      text: 'Menu',
      previewType: 0,
      contextInfo: [ContextInfo],
      inviteLinkGroupTypeV2: 0
    },
    messageContextInfo: MessageContextInfo {
      deviceListMetadata: [DeviceListMetadata],
      deviceListMetadataVersion: 2,
      messageSecret: [Uint8Array]
    }
  },
  body: 'Menu',
  from: '5491135967392'
}
[QUEUE_SE_ENVIO]:  {
  ref: 'ans_bfd4c8d5-1a2a-49b7-8fde-2e684c8e4ff7',
  keyword: 'key_ca8ef491-b9f3-4d64-a888-17ca1c3befe7',
  answer: 'Por favor seleccione una de las siguientes opciones: \r\n' +
    '\r\n' +
    'Opcion *1* - Catalogo\r\n' +
    '\r\n' +
    'Opcion *2* - Horario de Atencion\r\n' +
    '\r\n' +
    'Opcion *3* - Consultas\r\n' +
    '\r\n' +
    'Menu/Salir',
  options: {
    media: null,
    buttons: [],
    capture: true,
    child: null,
    delay: 0,
    idle: null,
    ref: null,
    nested: [],
    keyword: {},
    callback: true
  },
  refSerialize: '60dc56d0f8d8fbccd08db475ab81563a'
}
